{
  "RSpec": {
    "coverage": {
      "/Users/andrewjones/dev/bank-tech-test/spec/account_spec.rb": [
        1,
        null,
        1,
        null,
        1,
        2,
        2,
        null,
        null,
        1,
        1,
        1,
        null,
        null,
        null,
        null,
        1,
        1,
        1,
        1,
        null,
        null,
        null,
        null,
        null
      ],
      "/Users/andrewjones/dev/bank-tech-test/lib/account.rb": [
        1,
        1,
        1,
        null,
        1,
        1,
        null,
        1,
        2,
        2,
        null,
        null,
        1,
        2,
        2,
        2,
        null,
        null,
        1,
        1,
        1,
        1,
        null,
        null,
        1,
        2,
        null,
        null,
        1,
        null,
        1,
        2,
        null,
        null,
        1,
        1,
        null,
        null,
        null
      ],
      "/Users/andrewjones/dev/bank-tech-test/lib/transaction.rb": [
        1,
        null,
        1,
        null,
        1,
        4,
        null,
        null,
        null,
        null,
        null,
        null
      ],
      "/Users/andrewjones/dev/bank-tech-test/lib/ledger.rb": [
        1,
        null,
        1,
        4,
        null,
        null,
        1,
        6,
        null,
        null,
        1,
        2,
        null,
        null,
        null
      ],
      "/Users/andrewjones/dev/bank-tech-test/lib/display.rb": [
        1,
        null,
        null,
        null
      ],
      "/Users/andrewjones/dev/bank-tech-test/spec/display_spec.rb": [
        1,
        null,
        1,
        null,
        1,
        null,
        null,
        null
      ],
      "/Users/andrewjones/dev/bank-tech-test/spec/ledger_spec.rb": [
        1,
        null,
        1,
        null,
        3,
        null,
        1,
        1,
        1,
        null,
        null,
        1,
        1,
        1,
        1,
        null,
        null,
        null,
        null,
        null,
        null
      ],
      "/Users/andrewjones/dev/bank-tech-test/spec/transaction_spec.rb": [
        1,
        null,
        1,
        null,
        1,
        1,
        1,
        null,
        null,
        null
      ]
    },
    "timestamp": 1576608363
  }
}
